[2022-02-18T17:20:29.836Z] Validating found git in: git
[2022-02-18T17:20:29.851Z] Using git 2.25.1 from git
[2022-02-18T17:20:29.863Z] > git rev-parse --git-dir [1ms]
[2022-02-18T17:20:29.867Z] Open repository: /home/mesa-20/github/caravana
[2022-02-18T17:20:29.879Z] > git symbolic-ref --short HEAD [1ms]
[2022-02-18T17:20:29.883Z] > git for-each-ref --format=%(refname)%00%(upstream:short)%00%(objectname)%00%(upstream:track) refs/heads/master refs/remotes/master [1ms]
[2022-02-18T17:20:29.893Z] > git remote --verbose [3ms]
[2022-02-18T17:20:29.893Z] > git for-each-ref --sort -committerdate --format %(refname) %(objectname) %(*objectname) [7ms]
[2022-02-18T17:20:29.903Z] > git config --get commit.template [1ms]
[2022-02-18T17:20:32.518Z] > git symbolic-ref --short HEAD [3ms]
[2022-02-18T17:20:32.532Z] > git for-each-ref --format=%(refname)%00%(upstream:short)%00%(objectname)%00%(upstream:track) refs/heads/master refs/remotes/master [3ms]
[2022-02-18T17:20:32.551Z] > git for-each-ref --sort -committerdate --format %(refname) %(objectname) %(*objectname) [8ms]
[2022-02-18T17:20:32.551Z] > git remote --verbose [1ms]
[2022-02-18T17:20:32.567Z] > git config --get commit.template [1ms]
[2022-02-18T17:20:37.586Z] > git symbolic-ref --short HEAD [1ms]
[2022-02-18T17:20:37.588Z] > git for-each-ref --format=%(refname)%00%(upstream:short)%00%(objectname)%00%(upstream:track) refs/heads/master refs/remotes/master [0ms]
[2022-02-18T17:20:37.593Z] > git for-each-ref --sort -committerdate --format %(refname) %(objectname) %(*objectname) [3ms]
[2022-02-18T17:20:37.593Z] > git remote --verbose [1ms]
[2022-02-18T17:20:37.600Z] > git config --get commit.template [1ms]
[2022-02-18T17:20:42.611Z] > git symbolic-ref --short HEAD [1ms]
[2022-02-18T17:20:42.614Z] > git for-each-ref --format=%(refname)%00%(upstream:short)%00%(objectname)%00%(upstream:track) refs/heads/master refs/remotes/master [1ms]
[2022-02-18T17:20:42.619Z] > git for-each-ref --sort -committerdate --format %(refname) %(objectname) %(*objectname) [3ms]
[2022-02-18T17:20:42.619Z] > git remote --verbose [1ms]
[2022-02-18T17:20:42.626Z] > git config --get commit.template [1ms]
[2022-02-18T17:20:47.645Z] > git symbolic-ref --short HEAD [1ms]
[2022-02-18T17:20:47.647Z] > git for-each-ref --format=%(refname)%00%(upstream:short)%00%(objectname)%00%(upstream:track) refs/heads/master refs/remotes/master [0ms]
[2022-02-18T17:20:47.652Z] > git for-each-ref --sort -committerdate --format %(refname) %(objectname) %(*objectname) [3ms]
[2022-02-18T17:20:47.652Z] > git remote --verbose [1ms]
[2022-02-18T17:20:47.658Z] > git config --get commit.template [1ms]
[2022-02-18T17:20:52.705Z] > git symbolic-ref --short HEAD [3ms]
[2022-02-18T17:20:52.719Z] > git for-each-ref --format=%(refname)%00%(upstream:short)%00%(objectname)%00%(upstream:track) refs/heads/master refs/remotes/master [4ms]
[2022-02-18T17:20:52.732Z] > git for-each-ref --sort -committerdate --format %(refname) %(objectname) %(*objectname) [6ms]
[2022-02-18T17:20:52.732Z] > git remote --verbose [1ms]
[2022-02-18T17:20:52.742Z] > git config --get commit.template [1ms]
[2022-02-18T17:20:57.788Z] > git symbolic-ref --short HEAD [3ms]
[2022-02-18T17:20:57.801Z] > git for-each-ref --format=%(refname)%00%(upstream:short)%00%(objectname)%00%(upstream:track) refs/heads/master refs/remotes/master [3ms]
[2022-02-18T17:20:57.822Z] > git for-each-ref --sort -committerdate --format %(refname) %(objectname) %(*objectname) [11ms]
[2022-02-18T17:20:57.823Z] > git remote --verbose [3ms]
[2022-02-18T17:20:57.845Z] > git config --get commit.template [2ms]
[2022-02-18T17:21:02.860Z] > git symbolic-ref --short HEAD [1ms]
[2022-02-18T17:21:02.863Z] > git for-each-ref --format=%(refname)%00%(upstream:short)%00%(objectname)%00%(upstream:track) refs/heads/master refs/remotes/master [1ms]
[2022-02-18T17:21:02.869Z] > git for-each-ref --sort -committerdate --format %(refname) %(objectname) %(*objectname) [3ms]
[2022-02-18T17:21:02.869Z] > git remote --verbose [1ms]
[2022-02-18T17:21:02.876Z] > git config --get commit.template [1ms]
[2022-02-18T17:21:07.925Z] > git symbolic-ref --short HEAD [3ms]
[2022-02-18T17:21:07.939Z] > git for-each-ref --format=%(refname)%00%(upstream:short)%00%(objectname)%00%(upstream:track) refs/heads/master refs/remotes/master [4ms]
[2022-02-18T17:21:07.958Z] > git for-each-ref --sort -committerdate --format %(refname) %(objectname) %(*objectname) [9ms]
[2022-02-18T17:21:07.958Z] > git remote --verbose [2ms]
[2022-02-18T17:21:07.971Z] > git config --get commit.template [1ms]
[2022-02-18T17:21:12.985Z] > git symbolic-ref --short HEAD [1ms]
[2022-02-18T17:21:12.989Z] > git for-each-ref --format=%(refname)%00%(upstream:short)%00%(objectname)%00%(upstream:track) refs/heads/master refs/remotes/master [1ms]
[2022-02-18T17:21:12.995Z] > git for-each-ref --sort -committerdate --format %(refname) %(objectname) %(*objectname) [3ms]
[2022-02-18T17:21:12.995Z] > git remote --verbose [1ms]
[2022-02-18T17:21:13.000Z] > git config --get commit.template [0ms]
[2022-02-18T17:21:18.016Z] > git symbolic-ref --short HEAD [1ms]
[2022-02-18T17:21:18.020Z] > git for-each-ref --format=%(refname)%00%(upstream:short)%00%(objectname)%00%(upstream:track) refs/heads/master refs/remotes/master [1ms]
[2022-02-18T17:21:18.029Z] > git remote --verbose [2ms]
[2022-02-18T17:21:18.029Z] > git for-each-ref --sort -committerdate --format %(refname) %(objectname) %(*objectname) [6ms]
[2022-02-18T17:21:18.037Z] > git config --get commit.template [1ms]
[2022-02-18T17:21:23.056Z] > git symbolic-ref --short HEAD [1ms]
[2022-02-18T17:21:23.063Z] > git for-each-ref --format=%(refname)%00%(upstream:short)%00%(objectname)%00%(upstream:track) refs/heads/master refs/remotes/master [1ms]
[2022-02-18T17:21:23.073Z] > git for-each-ref --sort -committerdate --format %(refname) %(objectname) %(*objectname) [5ms]
[2022-02-18T17:21:23.074Z] > git remote --verbose [2ms]
[2022-02-18T17:21:23.100Z] > git config --get commit.template [4ms]
[2022-02-18T17:21:45.177Z] > git ls-files --stage -- /home/mesa-20/github/caravana/pantallas/Inicio.js [2ms]
[2022-02-18T17:21:45.186Z] > git cat-file -s 9278dffc25fec1bf44f7015d381f36d184755753 [1ms]
[2022-02-18T17:21:47.528Z] > git symbolic-ref --short HEAD [1ms]
[2022-02-18T17:21:47.532Z] > git for-each-ref --format=%(refname)%00%(upstream:short)%00%(objectname)%00%(upstream:track) refs/heads/master refs/remotes/master [0ms]
[2022-02-18T17:21:47.548Z] > git for-each-ref --sort -committerdate --format %(refname) %(objectname) %(*objectname) [11ms]
[2022-02-18T17:21:47.548Z] > git remote --verbose [1ms]
[2022-02-18T17:21:47.557Z] > git config --get commit.template [1ms]
[2022-02-18T17:21:52.571Z] > git symbolic-ref --short HEAD [1ms]
[2022-02-18T17:21:52.574Z] > git for-each-ref --format=%(refname)%00%(upstream:short)%00%(objectname)%00%(upstream:track) refs/heads/master refs/remotes/master [0ms]
[2022-02-18T17:21:52.580Z] > git for-each-ref --sort -committerdate --format %(refname) %(objectname) %(*objectname) [3ms]
[2022-02-18T17:21:52.580Z] > git remote --verbose [0ms]
[2022-02-18T17:21:52.590Z] > git config --get commit.template [1ms]
[2022-02-18T17:22:00.432Z] > git symbolic-ref --short HEAD [1ms]
[2022-02-18T17:22:00.437Z] > git for-each-ref --format=%(refname)%00%(upstream:short)%00%(objectname)%00%(upstream:track) refs/heads/master refs/remotes/master [1ms]
[2022-02-18T17:22:00.444Z] > git for-each-ref --sort -committerdate --format %(refname) %(objectname) %(*objectname) [3ms]
[2022-02-18T17:22:00.445Z] > git remote --verbose [1ms]
[2022-02-18T17:22:00.452Z] > git config --get commit.template [1ms]
[2022-02-18T17:22:05.495Z] > git symbolic-ref --short HEAD [2ms]
[2022-02-18T17:22:05.504Z] > git for-each-ref --format=%(refname)%00%(upstream:short)%00%(objectname)%00%(upstream:track) refs/heads/master refs/remotes/master [3ms]
[2022-02-18T17:22:05.516Z] > git for-each-ref --sort -committerdate --format %(refname) %(objectname) %(*objectname) [6ms]
[2022-02-18T17:22:05.517Z] > git remote --verbose [2ms]
[2022-02-18T17:22:05.532Z] > git config --get commit.template [1ms]
[2022-02-18T17:22:10.574Z] > git symbolic-ref --short HEAD [2ms]
[2022-02-18T17:22:10.587Z] > git for-each-ref --format=%(refname)%00%(upstream:short)%00%(objectname)%00%(upstream:track) refs/heads/master refs/remotes/master [3ms]
[2022-02-18T17:22:10.601Z] > git for-each-ref --sort -committerdate --format %(refname) %(objectname) %(*objectname) [8ms]
[2022-02-18T17:22:10.602Z] > git remote --verbose [2ms]
[2022-02-18T17:22:10.614Z] > git config --get commit.template [1ms]
[2022-02-18T17:22:57.714Z] > git symbolic-ref --short HEAD [1ms]
[2022-02-18T17:22:57.718Z] > git for-each-ref --format=%(refname)%00%(upstream:short)%00%(objectname)%00%(upstream:track) refs/heads/master refs/remotes/master [1ms]
[2022-02-18T17:22:57.723Z] > git for-each-ref --sort -committerdate --format %(refname) %(objectname) %(*objectname) [3ms]
[2022-02-18T17:22:57.723Z] > git remote --verbose [0ms]
[2022-02-18T17:22:57.730Z] > git config --get commit.template [2ms]
[2022-02-18T17:23:02.755Z] > git symbolic-ref --short HEAD [1ms]
[2022-02-18T17:23:02.759Z] > git for-each-ref --format=%(refname)%00%(upstream:short)%00%(objectname)%00%(upstream:track) refs/heads/master refs/remotes/master [1ms]
[2022-02-18T17:23:02.765Z] > git for-each-ref --sort -committerdate --format %(refname) %(objectname) %(*objectname) [3ms]
[2022-02-18T17:23:02.765Z] > git remote --verbose [1ms]
[2022-02-18T17:23:02.771Z] > git config --get commit.template [0ms]
[2022-02-18T17:23:07.819Z] > git symbolic-ref --short HEAD [3ms]
[2022-02-18T17:23:07.833Z] > git for-each-ref --format=%(refname)%00%(upstream:short)%00%(objectname)%00%(upstream:track) refs/heads/master refs/remotes/master [4ms]
[2022-02-18T17:23:07.856Z] > git for-each-ref --sort -committerdate --format %(refname) %(objectname) %(*objectname) [13ms]
[2022-02-18T17:23:07.857Z] > git remote --verbose [4ms]
[2022-02-18T17:23:07.884Z] > git config --get commit.template [3ms]
[2022-02-18T17:23:12.933Z] > git symbolic-ref --short HEAD [3ms]
[2022-02-18T17:23:12.947Z] > git for-each-ref --format=%(refname)%00%(upstream:short)%00%(objectname)%00%(upstream:track) refs/heads/master refs/remotes/master [3ms]
[2022-02-18T17:23:12.969Z] > git for-each-ref --sort -committerdate --format %(refname) %(objectname) %(*objectname) [12ms]
[2022-02-18T17:23:12.970Z] > git remote --verbose [3ms]
[2022-02-18T17:23:12.994Z] > git config --get commit.template [2ms]
[2022-02-18T17:23:18.015Z] > git symbolic-ref --short HEAD [1ms]
[2022-02-18T17:23:18.021Z] > git for-each-ref --format=%(refname)%00%(upstream:short)%00%(objectname)%00%(upstream:track) refs/heads/master refs/remotes/master [1ms]
[2022-02-18T17:23:18.033Z] > git for-each-ref --sort -committerdate --format %(refname) %(objectname) %(*objectname) [7ms]
[2022-02-18T17:23:18.033Z] > git remote --verbose [2ms]
[2022-02-18T17:23:18.044Z] > git config --get commit.template [1ms]
[2022-02-18T17:23:29.239Z] > git symbolic-ref --short HEAD [0ms]
[2022-02-18T17:23:29.243Z] > git for-each-ref --format=%(refname)%00%(upstream:short)%00%(objectname)%00%(upstream:track) refs/heads/master refs/remotes/master [1ms]
[2022-02-18T17:23:29.247Z] > git for-each-ref --sort -committerdate --format %(refname) %(objectname) %(*objectname) [2ms]
[2022-02-18T17:23:29.248Z] > git remote --verbose [1ms]
[2022-02-18T17:23:29.257Z] > git config --get commit.template [1ms]
[2022-02-18T17:23:34.303Z] > git symbolic-ref --short HEAD [3ms]
[2022-02-18T17:23:34.317Z] > git for-each-ref --format=%(refname)%00%(upstream:short)%00%(objectname)%00%(upstream:track) refs/heads/master refs/remotes/master [4ms]
[2022-02-18T17:23:34.336Z] > git for-each-ref --sort -committerdate --format %(refname) %(objectname) %(*objectname) [9ms]
[2022-02-18T17:23:34.337Z] > git remote --verbose [2ms]
[2022-02-18T17:23:34.350Z] > git config --get commit.template [1ms]
[2022-02-18T17:23:39.397Z] > git symbolic-ref --short HEAD [3ms]
[2022-02-18T17:23:39.407Z] > git for-each-ref --format=%(refname)%00%(upstream:short)%00%(objectname)%00%(upstream:track) refs/heads/master refs/remotes/master [2ms]
[2022-02-18T17:23:39.423Z] > git for-each-ref --sort -committerdate --format %(refname) %(objectname) %(*objectname) [8ms]
[2022-02-18T17:23:39.423Z] > git remote --verbose [2ms]
[2022-02-18T17:23:39.436Z] > git config --get commit.template [2ms]
[2022-02-18T17:23:57.258Z] > git symbolic-ref --short HEAD [1ms]
[2022-02-18T17:23:57.261Z] > git for-each-ref --format=%(refname)%00%(upstream:short)%00%(objectname)%00%(upstream:track) refs/heads/master refs/remotes/master [0ms]
[2022-02-18T17:23:57.266Z] > git for-each-ref --sort -committerdate --format %(refname) %(objectname) %(*objectname) [2ms]
[2022-02-18T17:23:57.267Z] > git remote --verbose [1ms]
[2022-02-18T17:23:57.275Z] > git config --get commit.template [2ms]
[2022-02-18T17:23:59.280Z] > git ls-files --stage -- /home/mesa-20/github/caravana/pantallas/Historial.js [3ms]
[2022-02-18T17:23:59.288Z] > git cat-file -s cda69048cbc15551066c8c913a3bd98e6e2bc218 [2ms]
[2022-02-18T17:24:02.321Z] > git symbolic-ref --short HEAD [2ms]
[2022-02-18T17:24:02.335Z] > git for-each-ref --format=%(refname)%00%(upstream:short)%00%(objectname)%00%(upstream:track) refs/heads/master refs/remotes/master [3ms]
[2022-02-18T17:24:02.357Z] > git for-each-ref --sort -committerdate --format %(refname) %(objectname) %(*objectname) [12ms]
[2022-02-18T17:24:02.357Z] > git remote --verbose [2ms]
[2022-02-18T17:24:02.380Z] > git config --get commit.template [1ms]
[2022-02-18T17:24:07.429Z] > git symbolic-ref --short HEAD [3ms]
[2022-02-18T17:24:07.443Z] > git for-each-ref --format=%(refname)%00%(upstream:short)%00%(objectname)%00%(upstream:track) refs/heads/master refs/remotes/master [4ms]
[2022-02-18T17:24:07.459Z] > git for-each-ref --sort -committerdate --format %(refname) %(objectname) %(*objectname) [7ms]
[2022-02-18T17:24:07.459Z] > git remote --verbose [2ms]
[2022-02-18T17:24:07.468Z] > git config --get commit.template [1ms]
[2022-02-18T17:24:12.501Z] > git symbolic-ref --short HEAD [2ms]
[2022-02-18T17:24:12.508Z] > git for-each-ref --format=%(refname)%00%(upstream:short)%00%(objectname)%00%(upstream:track) refs/heads/master refs/remotes/master [1ms]
[2022-02-18T17:24:12.517Z] > git for-each-ref --sort -committerdate --format %(refname) %(objectname) %(*objectname) [4ms]
[2022-02-18T17:24:12.517Z] > git remote --verbose [1ms]
[2022-02-18T17:24:12.525Z] > git config --get commit.template [0ms]
[2022-02-18T17:24:20.010Z] > git symbolic-ref --short HEAD [1ms]
[2022-02-18T17:24:20.017Z] > git for-each-ref --format=%(refname)%00%(upstream:short)%00%(objectname)%00%(upstream:track) refs/heads/master refs/remotes/master [1ms]
[2022-02-18T17:24:20.025Z] > git for-each-ref --sort -committerdate --format %(refname) %(objectname) %(*objectname) [5ms]
[2022-02-18T17:24:20.025Z] > git remote --verbose [1ms]
[2022-02-18T17:24:20.041Z] > git config --get commit.template [2ms]
[2022-02-18T17:24:21.656Z] > git ls-files --stage -- /home/mesa-20/github/caravana/pantallas/Inicio.js [5ms]
[2022-02-18T17:24:21.661Z] > git cat-file -s 9278dffc25fec1bf44f7015d381f36d184755753 [1ms]
[2022-02-18T17:24:25.060Z] > git symbolic-ref --short HEAD [1ms]
[2022-02-18T17:24:25.063Z] > git for-each-ref --format=%(refname)%00%(upstream:short)%00%(objectname)%00%(upstream:track) refs/heads/master refs/remotes/master [1ms]
[2022-02-18T17:24:25.068Z] > git for-each-ref --sort -committerdate --format %(refname) %(objectname) %(*objectname) [3ms]
[2022-02-18T17:24:25.068Z] > git remote --verbose [1ms]
[2022-02-18T17:24:25.073Z] > git config --get commit.template [1ms]
[2022-02-18T17:24:30.120Z] > git symbolic-ref --short HEAD [3ms]
[2022-02-18T17:24:30.133Z] > git for-each-ref --format=%(refname)%00%(upstream:short)%00%(objectname)%00%(upstream:track) refs/heads/master refs/remotes/master [3ms]
[2022-02-18T17:24:30.155Z] > git for-each-ref --sort -committerdate --format %(refname) %(objectname) %(*objectname) [11ms]
[2022-02-18T17:24:30.156Z] > git remote --verbose [3ms]
[2022-02-18T17:24:30.176Z] > git config --get commit.template [2ms]
[2022-02-18T17:24:35.227Z] > git symbolic-ref --short HEAD [3ms]
[2022-02-18T17:24:35.240Z] > git for-each-ref --format=%(refname)%00%(upstream:short)%00%(objectname)%00%(upstream:track) refs/heads/master refs/remotes/master [3ms]
[2022-02-18T17:24:35.256Z] > git for-each-ref --sort -committerdate --format %(refname) %(objectname) %(*objectname) [9ms]
[2022-02-18T17:24:35.256Z] > git remote --verbose [2ms]
[2022-02-18T17:24:35.274Z] > git config --get commit.template [2ms]
[2022-02-18T17:24:40.324Z] > git symbolic-ref --short HEAD [4ms]
[2022-02-18T17:24:40.338Z] > git for-each-ref --format=%(refname)%00%(upstream:short)%00%(objectname)%00%(upstream:track) refs/heads/master refs/remotes/master [4ms]
[2022-02-18T17:24:40.357Z] > git remote --verbose [1ms]
[2022-02-18T17:24:40.358Z] > git for-each-ref --sort -committerdate --format %(refname) %(objectname) %(*objectname) [10ms]
[2022-02-18T17:24:40.370Z] > git config --get commit.template [2ms]
[2022-02-18T17:24:45.415Z] > git symbolic-ref --short HEAD [2ms]
[2022-02-18T17:24:45.425Z] > git for-each-ref --format=%(refname)%00%(upstream:short)%00%(objectname)%00%(upstream:track) refs/heads/master refs/remotes/master [2ms]
[2022-02-18T17:24:45.442Z] > git for-each-ref --sort -committerdate --format %(refname) %(objectname) %(*objectname) [9ms]
[2022-02-18T17:24:45.443Z] > git remote --verbose [2ms]
[2022-02-18T17:24:45.460Z] > git config --get commit.template [2ms]
[2022-02-18T17:24:50.507Z] > git symbolic-ref --short HEAD [3ms]
[2022-02-18T17:24:50.521Z] > git for-each-ref --format=%(refname)%00%(upstream:short)%00%(objectname)%00%(upstream:track) refs/heads/master refs/remotes/master [3ms]
[2022-02-18T17:24:50.545Z] > git for-each-ref --sort -committerdate --format %(refname) %(objectname) %(*objectname) [12ms]
[2022-02-18T17:24:50.546Z] > git remote --verbose [3ms]
[2022-02-18T17:24:50.568Z] > git config --get commit.template [1ms]
[2022-02-18T17:24:55.587Z] > git symbolic-ref --short HEAD [1ms]
[2022-02-18T17:24:55.590Z] > git for-each-ref --format=%(refname)%00%(upstream:short)%00%(objectname)%00%(upstream:track) refs/heads/master refs/remotes/master [1ms]
[2022-02-18T17:24:55.595Z] > git for-each-ref --sort -committerdate --format %(refname) %(objectname) %(*objectname) [3ms]
[2022-02-18T17:24:55.595Z] > git remote --verbose [1ms]
[2022-02-18T17:24:55.600Z] > git config --get commit.template [0ms]
[2022-02-18T17:25:00.648Z] > git symbolic-ref --short HEAD [3ms]
[2022-02-18T17:25:00.662Z] > git for-each-ref --format=%(refname)%00%(upstream:short)%00%(objectname)%00%(upstream:track) refs/heads/master refs/remotes/master [4ms]
[2022-02-18T17:25:00.680Z] > git for-each-ref --sort -committerdate --format %(refname) %(objectname) %(*objectname) [8ms]
[2022-02-18T17:25:00.681Z] > git remote --verbose [2ms]
[2022-02-18T17:25:00.694Z] > git config --get commit.template [2ms]
[2022-02-18T17:25:05.743Z] > git symbolic-ref --short HEAD [3ms]
[2022-02-18T17:25:05.757Z] > git for-each-ref --format=%(refname)%00%(upstream:short)%00%(objectname)%00%(upstream:track) refs/heads/master refs/remotes/master [4ms]
[2022-02-18T17:25:05.777Z] > git for-each-ref --sort -committerdate --format %(refname) %(objectname) %(*objectname) [10ms]
[2022-02-18T17:25:05.778Z] > git remote --verbose [2ms]
[2022-02-18T17:25:05.791Z] > git config --get commit.template [2ms]
[2022-02-18T17:25:07.350Z] > git ls-files --stage -- /home/mesa-20/github/caravana/pantallas/Historial.js [1ms]
[2022-02-18T17:25:07.357Z] > git cat-file -s cda69048cbc15551066c8c913a3bd98e6e2bc218 [1ms]
[2022-02-18T17:25:10.834Z] > git symbolic-ref --short HEAD [2ms]
[2022-02-18T17:25:10.842Z] > git for-each-ref --format=%(refname)%00%(upstream:short)%00%(objectname)%00%(upstream:track) refs/heads/master refs/remotes/master [2ms]
[2022-02-18T17:25:10.855Z] > git for-each-ref --sort -committerdate --format %(refname) %(objectname) %(*objectname) [7ms]
[2022-02-18T17:25:10.855Z] > git remote --verbose [2ms]
[2022-02-18T17:25:10.869Z] > git config --get commit.template [1ms]
[2022-02-18T17:25:15.887Z] > git symbolic-ref --short HEAD [0ms]
[2022-02-18T17:25:15.892Z] > git for-each-ref --format=%(refname)%00%(upstream:short)%00%(objectname)%00%(upstream:track) refs/heads/master refs/remotes/master [1ms]
[2022-02-18T17:25:15.909Z] > git for-each-ref --sort -committerdate --format %(refname) %(objectname) %(*objectname) [12ms]
[2022-02-18T17:25:15.910Z] > git remote --verbose [1ms]
[2022-02-18T17:25:15.919Z] > git config --get commit.template [1ms]
[2022-02-18T17:25:20.966Z] > git symbolic-ref --short HEAD [2ms]
[2022-02-18T17:25:20.975Z] > git for-each-ref --format=%(refname)%00%(upstream:short)%00%(objectname)%00%(upstream:track) refs/heads/master refs/remotes/master [2ms]
[2022-02-18T17:25:20.988Z] > git for-each-ref --sort -committerdate --format %(refname) %(objectname) %(*objectname) [7ms]
[2022-02-18T17:25:20.989Z] > git remote --verbose [2ms]
[2022-02-18T17:25:21.003Z] > git config --get commit.template [1ms]
[2022-02-18T17:25:26.019Z] > git symbolic-ref --short HEAD [1ms]
[2022-02-18T17:25:26.027Z] > git for-each-ref --format=%(refname)%00%(upstream:short)%00%(objectname)%00%(upstream:track) refs/heads/master refs/remotes/master [1ms]
[2022-02-18T17:25:26.035Z] > git for-each-ref --sort -committerdate --format %(refname) %(objectname) %(*objectname) [4ms]
[2022-02-18T17:25:26.036Z] > git remote --verbose [2ms]
[2022-02-18T17:25:26.044Z] > git config --get commit.template [1ms]
[2022-02-18T17:26:01.526Z] > git symbolic-ref --short HEAD [1ms]
[2022-02-18T17:26:01.532Z] > git for-each-ref --format=%(refname)%00%(upstream:short)%00%(objectname)%00%(upstream:track) refs/heads/master refs/remotes/master [2ms]
[2022-02-18T17:26:01.537Z] > git for-each-ref --sort -committerdate --format %(refname) %(objectname) %(*objectname) [3ms]
[2022-02-18T17:26:01.537Z] > git remote --verbose [1ms]
[2022-02-18T17:26:01.545Z] > git config --get commit.template [0ms]
[2022-02-18T17:26:03.296Z] > git ls-files --stage -- /home/mesa-20/github/caravana/pantallas/Inicio.js [1ms]
[2022-02-18T17:26:03.300Z] > git cat-file -s 9278dffc25fec1bf44f7015d381f36d184755753 [1ms]
[2022-02-18T17:26:06.558Z] > git symbolic-ref --short HEAD [1ms]
[2022-02-18T17:26:06.562Z] > git for-each-ref --format=%(refname)%00%(upstream:short)%00%(objectname)%00%(upstream:track) refs/heads/master refs/remotes/master [0ms]
[2022-02-18T17:26:06.569Z] > git for-each-ref --sort -committerdate --format %(refname) %(objectname) %(*objectname) [4ms]
[2022-02-18T17:26:06.569Z] > git remote --verbose [1ms]
[2022-02-18T17:26:06.576Z] > git config --get commit.template [1ms]
[2022-02-18T17:26:11.588Z] > git symbolic-ref --short HEAD [0ms]
[2022-02-18T17:26:11.592Z] > git for-each-ref --format=%(refname)%00%(upstream:short)%00%(objectname)%00%(upstream:track) refs/heads/master refs/remotes/master [1ms]
[2022-02-18T17:26:11.598Z] > git for-each-ref --sort -committerdate --format %(refname) %(objectname) %(*objectname) [4ms]
[2022-02-18T17:26:11.598Z] > git remote --verbose [1ms]
[2022-02-18T17:26:11.607Z] > git config --get commit.template [2ms]
[2022-02-18T17:27:24.243Z] > git symbolic-ref --short HEAD [1ms]
[2022-02-18T17:27:24.248Z] > git for-each-ref --format=%(refname)%00%(upstream:short)%00%(objectname)%00%(upstream:track) refs/heads/master refs/remotes/master [1ms]
[2022-02-18T17:27:24.254Z] > git for-each-ref --sort -committerdate --format %(refname) %(objectname) %(*objectname) [3ms]
[2022-02-18T17:27:24.255Z] > git remote --verbose [1ms]
[2022-02-18T17:27:24.262Z] > git config --get commit.template [1ms]
[2022-02-18T17:27:29.274Z] > git symbolic-ref --short HEAD [0ms]
[2022-02-18T17:27:29.278Z] > git for-each-ref --format=%(refname)%00%(upstream:short)%00%(objectname)%00%(upstream:track) refs/heads/master refs/remotes/master [1ms]
[2022-02-18T17:27:29.285Z] > git for-each-ref --sort -committerdate --format %(refname) %(objectname) %(*objectname) [3ms]
[2022-02-18T17:27:29.285Z] > git remote --verbose [1ms]
[2022-02-18T17:27:29.291Z] > git config --get commit.template [0ms]
[2022-02-18T17:27:34.303Z] > git symbolic-ref --short HEAD [0ms]
[2022-02-18T17:27:34.308Z] > git for-each-ref --format=%(refname)%00%(upstream:short)%00%(objectname)%00%(upstream:track) refs/heads/master refs/remotes/master [1ms]
[2022-02-18T17:27:34.321Z] > git for-each-ref --sort -committerdate --format %(refname) %(objectname) %(*objectname) [3ms]
[2022-02-18T17:27:34.322Z] > git remote --verbose [1ms]
[2022-02-18T17:27:34.331Z] > git config --get commit.template [0ms]
[2022-02-18T17:27:39.346Z] > git symbolic-ref --short HEAD [1ms]
[2022-02-18T17:27:39.352Z] > git for-each-ref --format=%(refname)%00%(upstream:short)%00%(objectname)%00%(upstream:track) refs/heads/master refs/remotes/master [2ms]
[2022-02-18T17:27:39.362Z] > git for-each-ref --sort -committerdate --format %(refname) %(objectname) %(*objectname) [4ms]
[2022-02-18T17:27:39.363Z] > git remote --verbose [1ms]
[2022-02-18T17:27:39.372Z] > git config --get commit.template [1ms]
[2022-02-18T17:27:44.384Z] > git symbolic-ref --short HEAD [0ms]
[2022-02-18T17:27:44.388Z] > git for-each-ref --format=%(refname)%00%(upstream:short)%00%(objectname)%00%(upstream:track) refs/heads/master refs/remotes/master [1ms]
[2022-02-18T17:27:44.394Z] > git for-each-ref --sort -committerdate --format %(refname) %(objectname) %(*objectname) [3ms]
[2022-02-18T17:27:44.395Z] > git remote --verbose [1ms]
[2022-02-18T17:27:44.403Z] > git config --get commit.template [1ms]
[2022-02-18T17:27:49.417Z] > git symbolic-ref --short HEAD [0ms]
[2022-02-18T17:27:49.421Z] > git for-each-ref --format=%(refname)%00%(upstream:short)%00%(objectname)%00%(upstream:track) refs/heads/master refs/remotes/master [1ms]
[2022-02-18T17:27:49.427Z] > git for-each-ref --sort -committerdate --format %(refname) %(objectname) %(*objectname) [3ms]
[2022-02-18T17:27:49.427Z] > git remote --verbose [1ms]
[2022-02-18T17:27:49.436Z] > git config --get commit.template [0ms]
[2022-02-18T17:27:54.449Z] > git symbolic-ref --short HEAD [1ms]
[2022-02-18T17:27:54.452Z] > git for-each-ref --format=%(refname)%00%(upstream:short)%00%(objectname)%00%(upstream:track) refs/heads/master refs/remotes/master [0ms]
[2022-02-18T17:27:54.460Z] > git for-each-ref --sort -committerdate --format %(refname) %(objectname) %(*objectname) [5ms]
[2022-02-18T17:27:54.461Z] > git remote --verbose [1ms]
[2022-02-18T17:27:54.469Z] > git config --get commit.template [1ms]
[2022-02-18T17:27:59.483Z] > git symbolic-ref --short HEAD [1ms]
[2022-02-18T17:27:59.487Z] > git for-each-ref --format=%(refname)%00%(upstream:short)%00%(objectname)%00%(upstream:track) refs/heads/master refs/remotes/master [1ms]
[2022-02-18T17:27:59.493Z] > git for-each-ref --sort -committerdate --format %(refname) %(objectname) %(*objectname) [3ms]
[2022-02-18T17:27:59.493Z] > git remote --verbose [1ms]
[2022-02-18T17:27:59.500Z] > git config --get commit.template [1ms]
[2022-02-18T17:28:04.513Z] > git symbolic-ref --short HEAD [1ms]
[2022-02-18T17:28:04.517Z] > git for-each-ref --format=%(refname)%00%(upstream:short)%00%(objectname)%00%(upstream:track) refs/heads/master refs/remotes/master [1ms]
[2022-02-18T17:28:04.523Z] > git for-each-ref --sort -committerdate --format %(refname) %(objectname) %(*objectname) [3ms]
[2022-02-18T17:28:04.523Z] > git remote --verbose [0ms]
[2022-02-18T17:28:04.531Z] > git config --get commit.template [1ms]
[2022-02-18T17:28:09.544Z] > git symbolic-ref --short HEAD [1ms]
[2022-02-18T17:28:09.548Z] > git for-each-ref --format=%(refname)%00%(upstream:short)%00%(objectname)%00%(upstream:track) refs/heads/master refs/remotes/master [1ms]
[2022-02-18T17:28:09.554Z] > git for-each-ref --sort -committerdate --format %(refname) %(objectname) %(*objectname) [4ms]
[2022-02-18T17:28:09.554Z] > git remote --verbose [0ms]
[2022-02-18T17:28:09.561Z] > git config --get commit.template [0ms]
[2022-02-18T17:28:14.575Z] > git symbolic-ref --short HEAD [1ms]
[2022-02-18T17:28:14.579Z] > git for-each-ref --format=%(refname)%00%(upstream:short)%00%(objectname)%00%(upstream:track) refs/heads/master refs/remotes/master [1ms]
[2022-02-18T17:28:14.586Z] > git for-each-ref --sort -committerdate --format %(refname) %(objectname) %(*objectname) [4ms]
[2022-02-18T17:28:14.586Z] > git remote --verbose [1ms]
[2022-02-18T17:28:14.593Z] > git config --get commit.template [0ms]
[2022-02-18T17:28:19.605Z] > git symbolic-ref --short HEAD [0ms]
[2022-02-18T17:28:19.609Z] > git for-each-ref --format=%(refname)%00%(upstream:short)%00%(objectname)%00%(upstream:track) refs/heads/master refs/remotes/master [1ms]
[2022-02-18T17:28:19.615Z] > git for-each-ref --sort -committerdate --format %(refname) %(objectname) %(*objectname) [3ms]
[2022-02-18T17:28:19.615Z] > git remote --verbose [0ms]
[2022-02-18T17:28:19.624Z] > git config --get commit.template [1ms]
[2022-02-18T17:28:24.637Z] > git symbolic-ref --short HEAD [1ms]
[2022-02-18T17:28:24.641Z] > git for-each-ref --format=%(refname)%00%(upstream:short)%00%(objectname)%00%(upstream:track) refs/heads/master refs/remotes/master [1ms]
[2022-02-18T17:28:24.648Z] > git for-each-ref --sort -committerdate --format %(refname) %(objectname) %(*objectname) [4ms]
[2022-02-18T17:28:24.649Z] > git remote --verbose [1ms]
[2022-02-18T17:28:24.656Z] > git config --get commit.template [1ms]
[2022-02-18T17:28:29.669Z] > git symbolic-ref --short HEAD [1ms]
[2022-02-18T17:28:29.673Z] > git for-each-ref --format=%(refname)%00%(upstream:short)%00%(objectname)%00%(upstream:track) refs/heads/master refs/remotes/master [1ms]
[2022-02-18T17:28:29.680Z] > git for-each-ref --sort -committerdate --format %(refname) %(objectname) %(*objectname) [4ms]
[2022-02-18T17:28:29.680Z] > git remote --verbose [1ms]
[2022-02-18T17:28:29.688Z] > git config --get commit.template [1ms]
[2022-02-18T17:28:34.701Z] > git symbolic-ref --short HEAD [0ms]
[2022-02-18T17:28:34.706Z] > git for-each-ref --format=%(refname)%00%(upstream:short)%00%(objectname)%00%(upstream:track) refs/heads/master refs/remotes/master [1ms]
[2022-02-18T17:28:34.713Z] > git for-each-ref --sort -committerdate --format %(refname) %(objectname) %(*objectname) [3ms]
[2022-02-18T17:28:34.714Z] > git remote --verbose [2ms]
[2022-02-18T17:28:34.722Z] > git config --get commit.template [1ms]
[2022-02-18T17:28:39.735Z] > git symbolic-ref --short HEAD [0ms]
[2022-02-18T17:28:39.739Z] > git for-each-ref --format=%(refname)%00%(upstream:short)%00%(objectname)%00%(upstream:track) refs/heads/master refs/remotes/master [1ms]
[2022-02-18T17:28:39.747Z] > git for-each-ref --sort -committerdate --format %(refname) %(objectname) %(*objectname) [4ms]
[2022-02-18T17:28:39.747Z] > git remote --verbose [1ms]
[2022-02-18T17:28:39.755Z] > git config --get commit.template [2ms]
[2022-02-18T17:28:44.771Z] > git symbolic-ref --short HEAD [1ms]
[2022-02-18T17:28:44.775Z] > git for-each-ref --format=%(refname)%00%(upstream:short)%00%(objectname)%00%(upstream:track) refs/heads/master refs/remotes/master [1ms]
[2022-02-18T17:28:44.782Z] > git for-each-ref --sort -committerdate --format %(refname) %(objectname) %(*objectname) [3ms]
[2022-02-18T17:28:44.782Z] > git remote --verbose [1ms]
[2022-02-18T17:28:44.789Z] > git config --get commit.template [0ms]
[2022-02-18T17:28:49.802Z] > git symbolic-ref --short HEAD [0ms]
[2022-02-18T17:28:49.807Z] > git for-each-ref --format=%(refname)%00%(upstream:short)%00%(objectname)%00%(upstream:track) refs/heads/master refs/remotes/master [1ms]
[2022-02-18T17:28:49.813Z] > git for-each-ref --sort -committerdate --format %(refname) %(objectname) %(*objectname) [3ms]
[2022-02-18T17:28:49.813Z] > git remote --verbose [1ms]
[2022-02-18T17:28:49.821Z] > git config --get commit.template [1ms]
[2022-02-18T17:28:54.836Z] > git symbolic-ref --short HEAD [1ms]
[2022-02-18T17:28:54.841Z] > git for-each-ref --format=%(refname)%00%(upstream:short)%00%(objectname)%00%(upstream:track) refs/heads/master refs/remotes/master [1ms]
[2022-02-18T17:28:54.848Z] > git for-each-ref --sort -committerdate --format %(refname) %(objectname) %(*objectname) [4ms]
[2022-02-18T17:28:54.848Z] > git remote --verbose [1ms]
[2022-02-18T17:28:54.856Z] > git config --get commit.template [2ms]
[2022-02-18T17:28:59.870Z] > git symbolic-ref --short HEAD [0ms]
[2022-02-18T17:28:59.876Z] > git for-each-ref --format=%(refname)%00%(upstream:short)%00%(objectname)%00%(upstream:track) refs/heads/master refs/remotes/master [1ms]
[2022-02-18T17:28:59.883Z] > git for-each-ref --sort -committerdate --format %(refname) %(objectname) %(*objectname) [3ms]
[2022-02-18T17:28:59.883Z] > git remote --verbose [1ms]
[2022-02-18T17:28:59.890Z] > git config --get commit.template [1ms]
[2022-02-18T17:29:04.903Z] > git symbolic-ref --short HEAD [1ms]
[2022-02-18T17:29:04.907Z] > git for-each-ref --format=%(refname)%00%(upstream:short)%00%(objectname)%00%(upstream:track) refs/heads/master refs/remotes/master [1ms]
[2022-02-18T17:29:04.913Z] > git for-each-ref --sort -committerdate --format %(refname) %(objectname) %(*objectname) [3ms]
[2022-02-18T17:29:04.913Z] > git remote --verbose [0ms]
[2022-02-18T17:29:04.921Z] > git config --get commit.template [1ms]
[2022-02-18T17:29:09.936Z] > git symbolic-ref --short HEAD [1ms]
[2022-02-18T17:29:09.940Z] > git for-each-ref --format=%(refname)%00%(upstream:short)%00%(objectname)%00%(upstream:track) refs/heads/master refs/remotes/master [1ms]
[2022-02-18T17:29:09.946Z] > git for-each-ref --sort -committerdate --format %(refname) %(objectname) %(*objectname) [3ms]
[2022-02-18T17:29:09.946Z] > git remote --verbose [1ms]
[2022-02-18T17:29:09.953Z] > git config --get commit.template [0ms]
[2022-02-18T17:29:20.069Z] > git symbolic-ref --short HEAD [1ms]
[2022-02-18T17:29:20.075Z] > git for-each-ref --format=%(refname)%00%(upstream:short)%00%(objectname)%00%(upstream:track) refs/heads/master refs/remotes/master [1ms]
[2022-02-18T17:29:20.081Z] > git for-each-ref --sort -committerdate --format %(refname) %(objectname) %(*objectname) [3ms]
[2022-02-18T17:29:20.082Z] > git remote --verbose [1ms]
[2022-02-18T17:29:20.090Z] > git config --get commit.template [1ms]
[2022-02-18T17:29:25.104Z] > git symbolic-ref --short HEAD [1ms]
[2022-02-18T17:29:25.107Z] > git for-each-ref --format=%(refname)%00%(upstream:short)%00%(objectname)%00%(upstream:track) refs/heads/master refs/remotes/master [0ms]
[2022-02-18T17:29:25.113Z] > git for-each-ref --sort -committerdate --format %(refname) %(objectname) %(*objectname) [3ms]
[2022-02-18T17:29:25.113Z] > git remote --verbose [1ms]
[2022-02-18T17:29:25.120Z] > git config --get commit.template [0ms]
[2022-02-18T17:29:30.133Z] > git symbolic-ref --short HEAD [1ms]
[2022-02-18T17:29:30.136Z] > git for-each-ref --format=%(refname)%00%(upstream:short)%00%(objectname)%00%(upstream:track) refs/heads/master refs/remotes/master [0ms]
[2022-02-18T17:29:30.142Z] > git for-each-ref --sort -committerdate --format %(refname) %(objectname) %(*objectname) [3ms]
[2022-02-18T17:29:30.142Z] > git remote --verbose [1ms]
[2022-02-18T17:29:30.148Z] > git config --get commit.template [1ms]
[2022-02-18T17:29:35.166Z] > git symbolic-ref --short HEAD [2ms]
[2022-02-18T17:29:35.171Z] > git for-each-ref --format=%(refname)%00%(upstream:short)%00%(objectname)%00%(upstream:track) refs/heads/master refs/remotes/master [1ms]
[2022-02-18T17:29:35.183Z] > git for-each-ref --sort -committerdate --format %(refname) %(objectname) %(*objectname) [6ms]
[2022-02-18T17:29:35.183Z] > git remote --verbose [1ms]
[2022-02-18T17:29:35.192Z] > git config --get commit.template [1ms]
[2022-02-18T17:29:40.206Z] > git symbolic-ref --short HEAD [1ms]
[2022-02-18T17:29:40.211Z] > git for-each-ref --format=%(refname)%00%(upstream:short)%00%(objectname)%00%(upstream:track) refs/heads/master refs/remotes/master [1ms]
[2022-02-18T17:29:40.217Z] > git for-each-ref --sort -committerdate --format %(refname) %(objectname) %(*objectname) [3ms]
[2022-02-18T17:29:40.218Z] > git remote --verbose [1ms]
[2022-02-18T17:29:40.229Z] > git config --get commit.template [2ms]
[2022-02-18T17:29:45.241Z] > git symbolic-ref --short HEAD [0ms]
[2022-02-18T17:29:45.245Z] > git for-each-ref --format=%(refname)%00%(upstream:short)%00%(objectname)%00%(upstream:track) refs/heads/master refs/remotes/master [1ms]
[2022-02-18T17:29:45.252Z] > git for-each-ref --sort -committerdate --format %(refname) %(objectname) %(*objectname) [4ms]
[2022-02-18T17:29:45.252Z] > git remote --verbose [1ms]
[2022-02-18T17:29:45.260Z] > git config --get commit.template [1ms]
[2022-02-18T17:29:50.274Z] > git symbolic-ref --short HEAD [1ms]
[2022-02-18T17:29:50.279Z] > git for-each-ref --format=%(refname)%00%(upstream:short)%00%(objectname)%00%(upstream:track) refs/heads/master refs/remotes/master [1ms]
[2022-02-18T17:29:50.285Z] > git for-each-ref --sort -committerdate --format %(refname) %(objectname) %(*objectname) [3ms]
[2022-02-18T17:29:50.286Z] > git remote --verbose [1ms]
[2022-02-18T17:29:50.295Z] > git config --get commit.template [2ms]
[2022-02-18T17:29:55.309Z] > git symbolic-ref --short HEAD [1ms]
[2022-02-18T17:29:55.313Z] > git for-each-ref --format=%(refname)%00%(upstream:short)%00%(objectname)%00%(upstream:track) refs/heads/master refs/remotes/master [1ms]
[2022-02-18T17:29:55.318Z] > git for-each-ref --sort -committerdate --format %(refname) %(objectname) %(*objectname) [2ms]
[2022-02-18T17:29:55.319Z] > git remote --verbose [1ms]
[2022-02-18T17:29:55.326Z] > git config --get commit.template [0ms]
[2022-02-18T17:30:00.338Z] > git symbolic-ref --short HEAD [0ms]
[2022-02-18T17:30:00.342Z] > git for-each-ref --format=%(refname)%00%(upstream:short)%00%(objectname)%00%(upstream:track) refs/heads/master refs/remotes/master [1ms]
[2022-02-18T17:30:00.350Z] > git for-each-ref --sort -committerdate --format %(refname) %(objectname) %(*objectname) [4ms]
[2022-02-18T17:30:00.350Z] > git remote --verbose [1ms]
[2022-02-18T17:30:00.359Z] > git config --get commit.template [1ms]
[2022-02-18T17:31:15.995Z] > git symbolic-ref --short HEAD [1ms]
[2022-02-18T17:31:16.001Z] > git for-each-ref --format=%(refname)%00%(upstream:short)%00%(objectname)%00%(upstream:track) refs/heads/master refs/remotes/master [1ms]
[2022-02-18T17:31:16.007Z] > git for-each-ref --sort -committerdate --format %(refname) %(objectname) %(*objectname) [3ms]
[2022-02-18T17:31:16.008Z] > git remote --verbose [1ms]
[2022-02-18T17:31:16.018Z] > git config --get commit.template [1ms]
[2022-02-18T17:31:44.662Z] > git symbolic-ref --short HEAD [1ms]
[2022-02-18T17:31:44.666Z] > git for-each-ref --format=%(refname)%00%(upstream:short)%00%(objectname)%00%(upstream:track) refs/heads/master refs/remotes/master [0ms]
[2022-02-18T17:31:44.674Z] > git remote --verbose [1ms]
[2022-02-18T17:31:44.674Z] > git for-each-ref --sort -committerdate --format %(refname) %(objectname) %(*objectname) [4ms]
[2022-02-18T17:31:44.685Z] > git config --get commit.template [1ms]
[2022-02-18T17:32:42.733Z] > git symbolic-ref --short HEAD [1ms]
[2022-02-18T17:32:42.738Z] > git for-each-ref --format=%(refname)%00%(upstream:short)%00%(objectname)%00%(upstream:track) refs/heads/master refs/remotes/master [1ms]
[2022-02-18T17:32:42.744Z] > git for-each-ref --sort -committerdate --format %(refname) %(objectname) %(*objectname) [3ms]
[2022-02-18T17:32:42.744Z] > git remote --verbose [1ms]
[2022-02-18T17:32:42.753Z] > git config --get commit.template [1ms]
[2022-02-18T17:35:06.024Z] > git symbolic-ref --short HEAD [1ms]
[2022-02-18T17:35:06.030Z] > git for-each-ref --format=%(refname)%00%(upstream:short)%00%(objectname)%00%(upstream:track) refs/heads/master refs/remotes/master [1ms]
[2022-02-18T17:35:06.041Z] > git for-each-ref --sort -committerdate --format %(refname) %(objectname) %(*objectname) [5ms]
[2022-02-18T17:35:06.041Z] > git remote --verbose [1ms]
[2022-02-18T17:35:06.054Z] > git config --get commit.template [1ms]
[2022-02-18T17:35:11.069Z] > git symbolic-ref --short HEAD [1ms]
[2022-02-18T17:35:11.072Z] > git for-each-ref --format=%(refname)%00%(upstream:short)%00%(objectname)%00%(upstream:track) refs/heads/master refs/remotes/master [0ms]
[2022-02-18T17:35:11.078Z] > git for-each-ref --sort -committerdate --format %(refname) %(objectname) %(*objectname) [3ms]
[2022-02-18T17:35:11.078Z] > git remote --verbose [0ms]
[2022-02-18T17:35:11.087Z] > git config --get commit.template [2ms]
[2022-02-18T17:35:16.101Z] > git symbolic-ref --short HEAD [0ms]
[2022-02-18T17:35:16.104Z] > git for-each-ref --format=%(refname)%00%(upstream:short)%00%(objectname)%00%(upstream:track) refs/heads/master refs/remotes/master [1ms]
[2022-02-18T17:35:16.112Z] > git for-each-ref --sort -committerdate --format %(refname) %(objectname) %(*objectname) [5ms]
[2022-02-18T17:35:16.112Z] > git remote --verbose [1ms]
[2022-02-18T17:35:16.120Z] > git config --get commit.template [1ms]
[2022-02-18T17:35:21.133Z] > git symbolic-ref --short HEAD [1ms]
[2022-02-18T17:35:21.136Z] > git for-each-ref --format=%(refname)%00%(upstream:short)%00%(objectname)%00%(upstream:track) refs/heads/master refs/remotes/master [0ms]
[2022-02-18T17:35:21.144Z] > git remote --verbose [1ms]
[2022-02-18T17:35:21.144Z] > git for-each-ref --sort -committerdate --format %(refname) %(objectname) %(*objectname) [4ms]
[2022-02-18T17:35:21.153Z] > git config --get commit.template [1ms]
[2022-02-18T17:35:26.166Z] > git symbolic-ref --short HEAD [0ms]
[2022-02-18T17:35:26.170Z] > git for-each-ref --format=%(refname)%00%(upstream:short)%00%(objectname)%00%(upstream:track) refs/heads/master refs/remotes/master [0ms]
[2022-02-18T17:35:26.176Z] > git for-each-ref --sort -committerdate --format %(refname) %(objectname) %(*objectname) [3ms]
[2022-02-18T17:35:26.176Z] > git remote --verbose [1ms]
[2022-02-18T17:35:26.183Z] > git config --get commit.template [0ms]
[2022-02-18T17:35:31.195Z] > git symbolic-ref --short HEAD [0ms]
[2022-02-18T17:35:31.199Z] > git for-each-ref --format=%(refname)%00%(upstream:short)%00%(objectname)%00%(upstream:track) refs/heads/master refs/remotes/master [1ms]
[2022-02-18T17:35:31.207Z] > git for-each-ref --sort -committerdate --format %(refname) %(objectname) %(*objectname) [3ms]
[2022-02-18T17:35:31.207Z] > git remote --verbose [1ms]
[2022-02-18T17:35:31.216Z] > git config --get commit.template [1ms]
[2022-02-18T17:36:39.138Z] > git symbolic-ref --short HEAD [1ms]
[2022-02-18T17:36:39.144Z] > git for-each-ref --format=%(refname)%00%(upstream:short)%00%(objectname)%00%(upstream:track) refs/heads/master refs/remotes/master [1ms]
[2022-02-18T17:36:39.155Z] > git for-each-ref --sort -committerdate --format %(refname) %(objectname) %(*objectname) [7ms]
[2022-02-18T17:36:39.155Z] > git remote --verbose [1ms]
[2022-02-18T17:36:39.164Z] > git config --get commit.template [0ms]
[2022-02-18T17:36:44.180Z] > git symbolic-ref --short HEAD [0ms]
[2022-02-18T17:36:44.185Z] > git for-each-ref --format=%(refname)%00%(upstream:short)%00%(objectname)%00%(upstream:track) refs/heads/master refs/remotes/master [1ms]
[2022-02-18T17:36:44.191Z] > git for-each-ref --sort -committerdate --format %(refname) %(objectname) %(*objectname) [3ms]
[2022-02-18T17:36:44.191Z] > git remote --verbose [0ms]
[2022-02-18T17:36:44.203Z] > git config --get commit.template [2ms]
[2022-02-18T17:36:45.839Z] > git ls-files --stage -- /home/mesa-20/github/caravana/pantallas/Historial.js [0ms]
[2022-02-18T17:36:45.843Z] > git cat-file -s cda69048cbc15551066c8c913a3bd98e6e2bc218 [1ms]
[2022-02-18T17:36:49.218Z] > git symbolic-ref --short HEAD [1ms]
[2022-02-18T17:36:49.223Z] > git for-each-ref --format=%(refname)%00%(upstream:short)%00%(objectname)%00%(upstream:track) refs/heads/master refs/remotes/master [1ms]
[2022-02-18T17:36:49.229Z] > git for-each-ref --sort -committerdate --format %(refname) %(objectname) %(*objectname) [3ms]
[2022-02-18T17:36:49.229Z] > git remote --verbose [0ms]
[2022-02-18T17:36:49.241Z] > git config --get commit.template [0ms]
[2022-02-18T17:36:54.254Z] > git symbolic-ref --short HEAD [1ms]
[2022-02-18T17:36:54.258Z] > git for-each-ref --format=%(refname)%00%(upstream:short)%00%(objectname)%00%(upstream:track) refs/heads/master refs/remotes/master [1ms]
[2022-02-18T17:36:54.265Z] > git for-each-ref --sort -committerdate --format %(refname) %(objectname) %(*objectname) [3ms]
[2022-02-18T17:36:54.265Z] > git remote --verbose [1ms]
[2022-02-18T17:36:54.273Z] > git config --get commit.template [1ms]
[2022-02-18T17:36:59.284Z] > git symbolic-ref --short HEAD [1ms]
[2022-02-18T17:36:59.288Z] > git for-each-ref --format=%(refname)%00%(upstream:short)%00%(objectname)%00%(upstream:track) refs/heads/master refs/remotes/master [1ms]
[2022-02-18T17:36:59.295Z] > git for-each-ref --sort -committerdate --format %(refname) %(objectname) %(*objectname) [4ms]
[2022-02-18T17:36:59.295Z] > git remote --verbose [1ms]
[2022-02-18T17:36:59.302Z] > git config --get commit.template [0ms]
[2022-02-18T17:37:04.315Z] > git symbolic-ref --short HEAD [1ms]
[2022-02-18T17:37:04.319Z] > git for-each-ref --format=%(refname)%00%(upstream:short)%00%(objectname)%00%(upstream:track) refs/heads/master refs/remotes/master [1ms]
[2022-02-18T17:37:04.327Z] > git for-each-ref --sort -committerdate --format %(refname) %(objectname) %(*objectname) [4ms]
[2022-02-18T17:37:04.327Z] > git remote --verbose [1ms]
[2022-02-18T17:37:04.341Z] > git config --get commit.template [1ms]
[2022-02-18T17:37:09.356Z] > git symbolic-ref --short HEAD [1ms]
[2022-02-18T17:37:09.360Z] > git for-each-ref --format=%(refname)%00%(upstream:short)%00%(objectname)%00%(upstream:track) refs/heads/master refs/remotes/master [1ms]
[2022-02-18T17:37:09.370Z] > git for-each-ref --sort -committerdate --format %(refname) %(objectname) %(*objectname) [6ms]
[2022-02-18T17:37:09.370Z] > git remote --verbose [1ms]
[2022-02-18T17:37:09.378Z] > git config --get commit.template [2ms]
[2022-02-18T17:37:14.391Z] > git symbolic-ref --short HEAD [1ms]
[2022-02-18T17:37:14.396Z] > git for-each-ref --format=%(refname)%00%(upstream:short)%00%(objectname)%00%(upstream:track) refs/heads/master refs/remotes/master [1ms]
[2022-02-18T17:37:14.403Z] > git for-each-ref --sort -committerdate --format %(refname) %(objectname) %(*objectname) [4ms]
[2022-02-18T17:37:14.404Z] > git remote --verbose [1ms]
[2022-02-18T17:37:14.411Z] > git config --get commit.template [1ms]
[2022-02-18T17:37:19.425Z] > git symbolic-ref --short HEAD [1ms]
[2022-02-18T17:37:19.429Z] > git for-each-ref --format=%(refname)%00%(upstream:short)%00%(objectname)%00%(upstream:track) refs/heads/master refs/remotes/master [1ms]
[2022-02-18T17:37:19.437Z] > git for-each-ref --sort -committerdate --format %(refname) %(objectname) %(*objectname) [4ms]
[2022-02-18T17:37:19.437Z] > git remote --verbose [1ms]
[2022-02-18T17:37:19.446Z] > git config --get commit.template [2ms]
[2022-02-18T17:37:24.463Z] > git symbolic-ref --short HEAD [1ms]
[2022-02-18T17:37:24.468Z] > git for-each-ref --format=%(refname)%00%(upstream:short)%00%(objectname)%00%(upstream:track) refs/heads/master refs/remotes/master [1ms]
[2022-02-18T17:37:24.476Z] > git for-each-ref --sort -committerdate --format %(refname) %(objectname) %(*objectname) [4ms]
[2022-02-18T17:37:24.476Z] > git remote --verbose [1ms]
[2022-02-18T17:37:24.486Z] > git config --get commit.template [1ms]
[2022-02-18T17:37:29.501Z] > git symbolic-ref --short HEAD [1ms]
[2022-02-18T17:37:29.505Z] > git for-each-ref --format=%(refname)%00%(upstream:short)%00%(objectname)%00%(upstream:track) refs/heads/master refs/remotes/master [1ms]
[2022-02-18T17:37:29.512Z] > git for-each-ref --sort -committerdate --format %(refname) %(objectname) %(*objectname) [4ms]
[2022-02-18T17:37:29.512Z] > git remote --verbose [1ms]
[2022-02-18T17:37:29.520Z] > git config --get commit.template [1ms]
[2022-02-18T17:37:34.535Z] > git symbolic-ref --short HEAD [0ms]
[2022-02-18T17:37:34.540Z] > git for-each-ref --format=%(refname)%00%(upstream:short)%00%(objectname)%00%(upstream:track) refs/heads/master refs/remotes/master [1ms]
[2022-02-18T17:37:34.547Z] > git for-each-ref --sort -committerdate --format %(refname) %(objectname) %(*objectname) [4ms]
[2022-02-18T17:37:34.547Z] > git remote --verbose [1ms]
[2022-02-18T17:37:34.556Z] > git config --get commit.template [1ms]
[2022-02-18T17:37:39.570Z] > git symbolic-ref --short HEAD [1ms]
[2022-02-18T17:37:39.574Z] > git for-each-ref --format=%(refname)%00%(upstream:short)%00%(objectname)%00%(upstream:track) refs/heads/master refs/remotes/master [1ms]
[2022-02-18T17:37:39.580Z] > git for-each-ref --sort -committerdate --format %(refname) %(objectname) %(*objectname) [3ms]
[2022-02-18T17:37:39.581Z] > git remote --verbose [1ms]
[2022-02-18T17:37:39.590Z] > git config --get commit.template [1ms]
[2022-02-18T17:37:44.605Z] > git symbolic-ref --short HEAD [1ms]
[2022-02-18T17:37:44.610Z] > git for-each-ref --format=%(refname)%00%(upstream:short)%00%(objectname)%00%(upstream:track) refs/heads/master refs/remotes/master [1ms]
[2022-02-18T17:37:44.618Z] > git for-each-ref --sort -committerdate --format %(refname) %(objectname) %(*objectname) [4ms]
[2022-02-18T17:37:44.618Z] > git remote --verbose [1ms]
[2022-02-18T17:37:44.627Z] > git config --get commit.template [0ms]
[2022-02-18T17:47:45.709Z] > git symbolic-ref --short HEAD [1ms]
[2022-02-18T17:47:45.721Z] > git for-each-ref --format=%(refname)%00%(upstream:short)%00%(objectname)%00%(upstream:track) refs/heads/master refs/remotes/master [1ms]
[2022-02-18T17:47:45.736Z] > git remote --verbose [1ms]
[2022-02-18T17:47:45.736Z] > git for-each-ref --sort -committerdate --format %(refname) %(objectname) %(*objectname) [10ms]
[2022-02-18T17:47:45.749Z] > git config --get commit.template [2ms]
[2022-02-18T17:49:50.143Z] > git symbolic-ref --short HEAD [2ms]
[2022-02-18T17:49:50.150Z] > git for-each-ref --format=%(refname)%00%(upstream:short)%00%(objectname)%00%(upstream:track) refs/heads/master refs/remotes/master [1ms]
[2022-02-18T17:49:50.163Z] > git for-each-ref --sort -committerdate --format %(refname) %(objectname) %(*objectname) [7ms]
[2022-02-18T17:49:50.163Z] > git remote --verbose [1ms]
[2022-02-18T17:49:50.176Z] > git config --get commit.template [0ms]
[2022-02-18T17:49:55.188Z] > git symbolic-ref --short HEAD [0ms]
[2022-02-18T17:49:55.192Z] > git for-each-ref --format=%(refname)%00%(upstream:short)%00%(objectname)%00%(upstream:track) refs/heads/master refs/remotes/master [1ms]
[2022-02-18T17:49:55.198Z] > git for-each-ref --sort -committerdate --format %(refname) %(objectname) %(*objectname) [3ms]
[2022-02-18T17:49:55.198Z] > git remote --verbose [1ms]
[2022-02-18T17:49:55.208Z] > git config --get commit.template [2ms]
[2022-02-18T17:50:01.594Z] > git symbolic-ref --short HEAD [1ms]
[2022-02-18T17:50:01.600Z] > git for-each-ref --format=%(refname)%00%(upstream:short)%00%(objectname)%00%(upstream:track) refs/heads/master refs/remotes/master [1ms]
[2022-02-18T17:50:01.610Z] > git for-each-ref --sort -committerdate --format %(refname) %(objectname) %(*objectname) [7ms]
[2022-02-18T17:50:01.610Z] > git remote --verbose [1ms]
[2022-02-18T17:50:01.618Z] > git config --get commit.template [2ms]
[2022-02-18T17:50:14.977Z] > git symbolic-ref --short HEAD [1ms]
[2022-02-18T17:50:14.984Z] > git for-each-ref --format=%(refname)%00%(upstream:short)%00%(objectname)%00%(upstream:track) refs/heads/master refs/remotes/master [1ms]
[2022-02-18T17:50:14.995Z] > git for-each-ref --sort -committerdate --format %(refname) %(objectname) %(*objectname) [6ms]
[2022-02-18T17:50:14.995Z] > git remote --verbose [1ms]
[2022-02-18T17:50:15.010Z] > git config --get commit.template [1ms]
[2022-02-18T17:50:52.819Z] > git symbolic-ref --short HEAD [1ms]
[2022-02-18T17:50:52.824Z] > git for-each-ref --format=%(refname)%00%(upstream:short)%00%(objectname)%00%(upstream:track) refs/heads/master refs/remotes/master [0ms]
[2022-02-18T17:50:52.830Z] > git for-each-ref --sort -committerdate --format %(refname) %(objectname) %(*objectname) [3ms]
[2022-02-18T17:50:52.830Z] > git remote --verbose [0ms]
[2022-02-18T17:50:52.838Z] > git config --get commit.template [1ms]
[2022-02-18T17:51:05.061Z] > git symbolic-ref --short HEAD [0ms]
[2022-02-18T17:51:05.067Z] > git for-each-ref --format=%(refname)%00%(upstream:short)%00%(objectname)%00%(upstream:track) refs/heads/master refs/remotes/master [1ms]
[2022-02-18T17:51:05.074Z] > git for-each-ref --sort -committerdate --format %(refname) %(objectname) %(*objectname) [3ms]
[2022-02-18T17:51:05.074Z] > git remote --verbose [1ms]
[2022-02-18T17:51:05.082Z] > git config --get commit.template [1ms]
[2022-02-18T17:51:10.096Z] > git symbolic-ref --short HEAD [1ms]
[2022-02-18T17:51:10.099Z] > git for-each-ref --format=%(refname)%00%(upstream:short)%00%(objectname)%00%(upstream:track) refs/heads/master refs/remotes/master [0ms]
[2022-02-18T17:51:10.110Z] > git for-each-ref --sort -committerdate --format %(refname) %(objectname) %(*objectname) [6ms]
[2022-02-18T17:51:10.110Z] > git remote --verbose [1ms]
[2022-02-18T17:51:10.118Z] > git config --get commit.template [1ms]
[2022-02-18T17:51:15.131Z] > git symbolic-ref --short HEAD [1ms]
[2022-02-18T17:51:15.135Z] > git for-each-ref --format=%(refname)%00%(upstream:short)%00%(objectname)%00%(upstream:track) refs/heads/master refs/remotes/master [1ms]
[2022-02-18T17:51:15.142Z] > git for-each-ref --sort -committerdate --format %(refname) %(objectname) %(*objectname) [3ms]
[2022-02-18T17:51:15.143Z] > git remote --verbose [1ms]
[2022-02-18T17:51:15.151Z] > git config --get commit.template [2ms]
[2022-02-18T17:51:20.164Z] > git symbolic-ref --short HEAD [1ms]
[2022-02-18T17:51:20.168Z] > git for-each-ref --format=%(refname)%00%(upstream:short)%00%(objectname)%00%(upstream:track) refs/heads/master refs/remotes/master [1ms]
[2022-02-18T17:51:20.176Z] > git for-each-ref --sort -committerdate --format %(refname) %(objectname) %(*objectname) [5ms]
[2022-02-18T17:51:20.176Z] > git remote --verbose [1ms]
[2022-02-18T17:51:20.189Z] > git config --get commit.template [6ms]
[2022-02-18T17:51:45.866Z] > git symbolic-ref --short HEAD [1ms]
[2022-02-18T17:51:45.871Z] > git for-each-ref --format=%(refname)%00%(upstream:short)%00%(objectname)%00%(upstream:track) refs/heads/master refs/remotes/master [0ms]
[2022-02-18T17:51:45.879Z] > git for-each-ref --sort -committerdate --format %(refname) %(objectname) %(*objectname) [4ms]
[2022-02-18T17:51:45.879Z] > git remote --verbose [0ms]
[2022-02-18T17:51:45.887Z] > git config --get commit.template [1ms]
[2022-02-18T17:51:50.900Z] > git symbolic-ref --short HEAD [1ms]
[2022-02-18T17:51:50.903Z] > git for-each-ref --format=%(refname)%00%(upstream:short)%00%(objectname)%00%(upstream:track) refs/heads/master refs/remotes/master [0ms]
[2022-02-18T17:51:50.910Z] > git for-each-ref --sort -committerdate --format %(refname) %(objectname) %(*objectname) [4ms]
[2022-02-18T17:51:50.911Z] > git remote --verbose [1ms]
[2022-02-18T17:51:50.919Z] > git config --get commit.template [0ms]
[2022-02-18T17:51:55.280Z] > git ls-files --stage -- /home/mesa-20/github/caravana/pantallas/Historial.js [0ms]
[2022-02-18T17:51:55.286Z] > git cat-file -s f1e897202d366b5827c38a492a3b8460a48c1b1c [2ms]
[2022-02-18T17:51:55.931Z] > git symbolic-ref --short HEAD [1ms]
[2022-02-18T17:51:55.936Z] > git for-each-ref --format=%(refname)%00%(upstream:short)%00%(objectname)%00%(upstream:track) refs/heads/master refs/remotes/master [2ms]
[2022-02-18T17:51:55.942Z] > git for-each-ref --sort -committerdate --format %(refname) %(objectname) %(*objectname) [4ms]
[2022-02-18T17:51:55.942Z] > git remote --verbose [1ms]
[2022-02-18T17:51:55.950Z] > git config --get commit.template [0ms]
